<?xml version="1.0" encoding="UTF-8"?>
<testsuite name="org.launchcode.techjobs.mvc.TestTaskFour" tests="6" skipped="0" failures="0" errors="0" timestamp="2022-07-12T18:55:32" hostname="DESKTOP-H1LA293" time="1.057">
  <properties/>
  <testcase name="testFourthSearchTestCase()" classname="org.launchcode.techjobs.mvc.TestTaskFour" time="0.937"/>
  <testcase name="testSecondSearchTestCase()" classname="org.launchcode.techjobs.mvc.TestTaskFour" time="0.016"/>
  <testcase name="testSearchResultsLoad()" classname="org.launchcode.techjobs.mvc.TestTaskFour" time="0.017"/>
  <testcase name="testFifthSearchTestCase()" classname="org.launchcode.techjobs.mvc.TestTaskFour" time="0.035"/>
  <testcase name="testFirstSearchTestCase()" classname="org.launchcode.techjobs.mvc.TestTaskFour" time="0.018"/>
  <testcase name="testThirdSearchTestCase()" classname="org.launchcode.techjobs.mvc.TestTaskFour" time="0.026"/>
  <system-out><![CDATA[2022-07-12 13:55:31.222  INFO 6504 --- [    Test worker] .b.t.c.SpringBootTestContextBootstrapper : Neither @ContextConfiguration nor @ContextHierarchy found for test class [org.launchcode.techjobs.mvc.TestTaskFour], using SpringBootContextLoader
2022-07-12 13:55:31.228  INFO 6504 --- [    Test worker] o.s.t.c.support.AbstractContextLoader    : Could not detect default resource locations for test class [org.launchcode.techjobs.mvc.TestTaskFour]: no resource found for suffixes {-context.xml, Context.groovy}.
2022-07-12 13:55:31.229  INFO 6504 --- [    Test worker] t.c.s.AnnotationConfigContextLoaderUtils : Could not detect default configuration classes for test class [org.launchcode.techjobs.mvc.TestTaskFour]: TestTaskFour does not declare any static, non-private, non-final, nested classes annotated with @Configuration.
2022-07-12 13:55:31.244  INFO 6504 --- [    Test worker] .b.t.c.SpringBootTestContextBootstrapper : Found @SpringBootConfiguration org.launchcode.techjobs.mvc.Application for test class org.launchcode.techjobs.mvc.TestTaskFour
2022-07-12 13:55:31.250  INFO 6504 --- [    Test worker] .b.t.c.SpringBootTestContextBootstrapper : Loaded default TestExecutionListener class names from location [META-INF/spring.factories]: [org.springframework.boot.test.autoconfigure.restdocs.RestDocsTestExecutionListener, org.springframework.boot.test.autoconfigure.web.client.MockRestServiceServerResetTestExecutionListener, org.springframework.boot.test.autoconfigure.web.servlet.MockMvcPrintOnlyOnFailureTestExecutionListener, org.springframework.boot.test.autoconfigure.web.servlet.WebDriverTestExecutionListener, org.springframework.boot.test.autoconfigure.webservices.client.MockWebServiceServerTestExecutionListener, org.springframework.boot.test.mock.mockito.MockitoTestExecutionListener, org.springframework.boot.test.mock.mockito.ResetMocksTestExecutionListener, org.springframework.test.context.web.ServletTestExecutionListener, org.springframework.test.context.support.DirtiesContextBeforeModesTestExecutionListener, org.springframework.test.context.event.ApplicationEventsTestExecutionListener, org.springframework.test.context.support.DependencyInjectionTestExecutionListener, org.springframework.test.context.support.DirtiesContextTestExecutionListener, org.springframework.test.context.transaction.TransactionalTestExecutionListener, org.springframework.test.context.jdbc.SqlScriptsTestExecutionListener, org.springframework.test.context.event.EventPublishingTestExecutionListener]
2022-07-12 13:55:31.253  INFO 6504 --- [    Test worker] .b.t.c.SpringBootTestContextBootstrapper : Using TestExecutionListeners: [org.springframework.test.context.web.ServletTestExecutionListener@470e5ae9, org.springframework.test.context.support.DirtiesContextBeforeModesTestExecutionListener@7de16ab0, org.springframework.test.context.event.ApplicationEventsTestExecutionListener@3cc522c1, org.springframework.boot.test.mock.mockito.MockitoTestExecutionListener@21d7c50b, org.springframework.boot.test.autoconfigure.SpringBootDependencyInjectionTestExecutionListener@143b0aca, org.springframework.test.context.support.DirtiesContextTestExecutionListener@62795617, org.springframework.test.context.event.EventPublishingTestExecutionListener@77bfb3b3, org.springframework.boot.test.autoconfigure.restdocs.RestDocsTestExecutionListener@68dfcfd2, org.springframework.boot.test.autoconfigure.web.client.MockRestServiceServerResetTestExecutionListener@247ef559, org.springframework.boot.test.autoconfigure.web.servlet.MockMvcPrintOnlyOnFailureTestExecutionListener@c9fc62f, org.springframework.boot.test.autoconfigure.web.servlet.WebDriverTestExecutionListener@6b7de24, org.springframework.boot.test.autoconfigure.webservices.client.MockWebServiceServerTestExecutionListener@1080307f, org.springframework.boot.test.mock.mockito.ResetMocksTestExecutionListener@4307db0b]

  .   ____          _            __ _ _
 /\\ / ___'_ __ _ _(_)_ __  __ _ \ \ \ \
( ( )\___ | '_ | '_| | '_ \/ _` | \ \ \ \
 \\/  ___)| |_)| | | | | || (_| |  ) ) ) )
  '  |____| .__|_| |_|_| |_\__, | / / / /
 =========|_|==============|___/=/_/_/_/
 :: Spring Boot ::                (v2.5.0)

2022-07-12 13:55:31.317  INFO 6504 --- [    Test worker] o.launchcode.techjobs.mvc.TestTaskFour   : Starting TestTaskFour using Java 11.0.15 on DESKTOP-H1LA293 with PID 6504 (started by Lindsay in C:\Users\Lindsay\Desktop\JavaPractice\java-assignment-3-techjobs-mvc-edition-lindsaypettipiece)
2022-07-12 13:55:31.322  INFO 6504 --- [    Test worker] o.launchcode.techjobs.mvc.TestTaskFour   : No active profile set, falling back to default profiles: default
2022-07-12 13:55:32.065  INFO 6504 --- [    Test worker] o.s.b.a.w.s.WelcomePageHandlerMapping    : Adding welcome page template: index
2022-07-12 13:55:32.413  INFO 6504 --- [    Test worker] o.s.b.t.m.w.SpringBootMockServletContext : Initializing Spring TestDispatcherServlet ''
2022-07-12 13:55:32.413  INFO 6504 --- [    Test worker] o.s.t.web.servlet.TestDispatcherServlet  : Initializing Servlet ''
2022-07-12 13:55:32.415  INFO 6504 --- [    Test worker] o.s.t.web.servlet.TestDispatcherServlet  : Completed initialization in 1 ms
2022-07-12 13:55:32.429  INFO 6504 --- [    Test worker] o.launchcode.techjobs.mvc.TestTaskFour   : Started TestTaskFour in 1.163 seconds (JVM running for 7.639)
2022-07-12 13:55:32.430  INFO 6504 --- [    Test worker] o.s.b.a.ApplicationAvailabilityBean      : Application availability state LivenessState changed to CORRECT
2022-07-12 13:55:32.431  INFO 6504 --- [    Test worker] o.s.b.a.ApplicationAvailabilityBean      : Application availability state ReadinessState changed to ACCEPTING_TRAFFIC
]]></system-out>
  <system-err><![CDATA[]]></system-err>
</testsuite>
