<?xml version="1.0" encoding="UTF-8"?>
<testsuite name="org.launchcode.techjobs.mvc.TestTaskTwo" tests="6" skipped="0" failures="0" errors="0" timestamp="2022-07-12T18:55:33" hostname="DESKTOP-H1LA293" time="0.29">
  <properties/>
  <testcase name="testJobListingLoads()" classname="org.launchcode.techjobs.mvc.TestTaskTwo" time="0.049"/>
  <testcase name="testViewAllLinkExists()" classname="org.launchcode.techjobs.mvc.TestTaskTwo" time="0.09"/>
  <testcase name="testJobListingDisplaysAllJobFields()" classname="org.launchcode.techjobs.mvc.TestTaskTwo" time="0.074"/>
  <testcase name="testJobListingDisplaysAllRelevantJobs()" classname="org.launchcode.techjobs.mvc.TestTaskTwo" time="0.034"/>
  <testcase name="testJobListingUsesCSSClass()" classname="org.launchcode.techjobs.mvc.TestTaskTwo" time="0.015"/>
  <testcase name="testJobListingUsesTable()" classname="org.launchcode.techjobs.mvc.TestTaskTwo" time="0.018"/>
  <system-out><![CDATA[2022-07-12 13:55:33.865  INFO 6504 --- [    Test worker] .b.t.c.SpringBootTestContextBootstrapper : Neither @ContextConfiguration nor @ContextHierarchy found for test class [org.launchcode.techjobs.mvc.TestTaskTwo], using SpringBootContextLoader
2022-07-12 13:55:33.868  INFO 6504 --- [    Test worker] o.s.t.c.support.AbstractContextLoader    : Could not detect default resource locations for test class [org.launchcode.techjobs.mvc.TestTaskTwo]: no resource found for suffixes {-context.xml, Context.groovy}.
2022-07-12 13:55:33.868  INFO 6504 --- [    Test worker] t.c.s.AnnotationConfigContextLoaderUtils : Could not detect default configuration classes for test class [org.launchcode.techjobs.mvc.TestTaskTwo]: TestTaskTwo does not declare any static, non-private, non-final, nested classes annotated with @Configuration.
2022-07-12 13:55:33.876  INFO 6504 --- [    Test worker] .b.t.c.SpringBootTestContextBootstrapper : Found @SpringBootConfiguration org.launchcode.techjobs.mvc.Application for test class org.launchcode.techjobs.mvc.TestTaskTwo
2022-07-12 13:55:33.881  INFO 6504 --- [    Test worker] .b.t.c.SpringBootTestContextBootstrapper : Loaded default TestExecutionListener class names from location [META-INF/spring.factories]: [org.springframework.boot.test.autoconfigure.restdocs.RestDocsTestExecutionListener, org.springframework.boot.test.autoconfigure.web.client.MockRestServiceServerResetTestExecutionListener, org.springframework.boot.test.autoconfigure.web.servlet.MockMvcPrintOnlyOnFailureTestExecutionListener, org.springframework.boot.test.autoconfigure.web.servlet.WebDriverTestExecutionListener, org.springframework.boot.test.autoconfigure.webservices.client.MockWebServiceServerTestExecutionListener, org.springframework.boot.test.mock.mockito.MockitoTestExecutionListener, org.springframework.boot.test.mock.mockito.ResetMocksTestExecutionListener, org.springframework.test.context.web.ServletTestExecutionListener, org.springframework.test.context.support.DirtiesContextBeforeModesTestExecutionListener, org.springframework.test.context.event.ApplicationEventsTestExecutionListener, org.springframework.test.context.support.DependencyInjectionTestExecutionListener, org.springframework.test.context.support.DirtiesContextTestExecutionListener, org.springframework.test.context.transaction.TransactionalTestExecutionListener, org.springframework.test.context.jdbc.SqlScriptsTestExecutionListener, org.springframework.test.context.event.EventPublishingTestExecutionListener]
2022-07-12 13:55:33.883  INFO 6504 --- [    Test worker] .b.t.c.SpringBootTestContextBootstrapper : Using TestExecutionListeners: [org.springframework.test.context.web.ServletTestExecutionListener@43188d71, org.springframework.test.context.support.DirtiesContextBeforeModesTestExecutionListener@1cbfd3d9, org.springframework.test.context.event.ApplicationEventsTestExecutionListener@34cb3369, org.springframework.boot.test.mock.mockito.MockitoTestExecutionListener@55cdd9c9, org.springframework.boot.test.autoconfigure.SpringBootDependencyInjectionTestExecutionListener@5239b504, org.springframework.test.context.support.DirtiesContextTestExecutionListener@307a8581, org.springframework.test.context.event.EventPublishingTestExecutionListener@5dc7a89c, org.springframework.boot.test.autoconfigure.restdocs.RestDocsTestExecutionListener@667f217c, org.springframework.boot.test.autoconfigure.web.client.MockRestServiceServerResetTestExecutionListener@79712922, org.springframework.boot.test.autoconfigure.web.servlet.MockMvcPrintOnlyOnFailureTestExecutionListener@1dc3ed00, org.springframework.boot.test.autoconfigure.web.servlet.WebDriverTestExecutionListener@7da0256c, org.springframework.boot.test.autoconfigure.webservices.client.MockWebServiceServerTestExecutionListener@624b8f65, org.springframework.boot.test.mock.mockito.ResetMocksTestExecutionListener@12038237]
]]></system-out>
  <system-err><![CDATA[]]></system-err>
</testsuite>
